{"/home/elisa/Truco/test/card.js":{"path":"/home/elisa/Truco/test/card.js","s":{"1":1,"2":1,"3":1,"4":1,"5":0,"6":0,"7":0,"8":0,"9":0,"10":0,"11":0,"12":0,"13":0,"14":0,"15":0,"16":0,"17":0,"18":0,"19":0,"20":0,"21":0,"22":0,"23":0,"24":0,"25":0,"26":0,"27":0,"28":0},"b":{},"f":{"1":0,"2":0,"3":0,"4":0,"5":0,"6":0,"7":0,"8":0,"9":0,"10":0,"11":0,"12":0,"13":0},"fnMap":{"1":{"name":"(anonymous_1)","line":6,"loc":{"start":{"line":6,"column":17},"end":{"line":6,"column":28}}},"2":{"name":"(anonymous_2)","line":8,"loc":{"start":{"line":8,"column":25},"end":{"line":8,"column":35}}},"3":{"name":"(anonymous_3)","line":9,"loc":{"start":{"line":9,"column":38},"end":{"line":9,"column":48}}},"4":{"name":"(anonymous_4)","line":14,"loc":{"start":{"line":14,"column":40},"end":{"line":14,"column":50}}},"5":{"name":"(anonymous_5)","line":21,"loc":{"start":{"line":21,"column":20},"end":{"line":21,"column":30}}},"6":{"name":"(anonymous_6)","line":22,"loc":{"start":{"line":22,"column":30},"end":{"line":22,"column":40}}},"7":{"name":"(anonymous_7)","line":28,"loc":{"start":{"line":28,"column":24},"end":{"line":28,"column":34}}},"8":{"name":"(anonymous_8)","line":33,"loc":{"start":{"line":33,"column":50},"end":{"line":33,"column":60}}},"9":{"name":"(anonymous_9)","line":34,"loc":{"start":{"line":34,"column":29},"end":{"line":34,"column":39}}},"10":{"name":"(anonymous_10)","line":39,"loc":{"start":{"line":39,"column":49},"end":{"line":39,"column":59}}},"11":{"name":"(anonymous_11)","line":40,"loc":{"start":{"line":40,"column":30},"end":{"line":40,"column":40}}},"12":{"name":"(anonymous_12)","line":45,"loc":{"start":{"line":45,"column":50},"end":{"line":45,"column":60}}},"13":{"name":"(anonymous_13)","line":46,"loc":{"start":{"line":46,"column":29},"end":{"line":46,"column":39}}}},"statementMap":{"1":{"start":{"line":1,"column":0},"end":{"line":1,"column":36}},"2":{"start":{"line":2,"column":0},"end":{"line":2,"column":45}},"3":{"start":{"line":4,"column":0},"end":{"line":4,"column":26}},"4":{"start":{"line":6,"column":0},"end":{"line":51,"column":3}},"5":{"start":{"line":8,"column":2},"end":{"line":18,"column":5}},"6":{"start":{"line":9,"column":4},"end":{"line":12,"column":7}},"7":{"start":{"line":10,"column":6},"end":{"line":10,"column":33}},"8":{"start":{"line":11,"column":6},"end":{"line":11,"column":41}},"9":{"start":{"line":14,"column":4},"end":{"line":17,"column":7}},"10":{"start":{"line":15,"column":6},"end":{"line":15,"column":33}},"11":{"start":{"line":16,"column":6},"end":{"line":16,"column":43}},"12":{"start":{"line":21,"column":2},"end":{"line":26,"column":5}},"13":{"start":{"line":22,"column":4},"end":{"line":25,"column":7}},"14":{"start":{"line":23,"column":6},"end":{"line":23,"column":34}},"15":{"start":{"line":24,"column":6},"end":{"line":24,"column":43}},"16":{"start":{"line":28,"column":2},"end":{"line":50,"column":5}},"17":{"start":{"line":29,"column":4},"end":{"line":29,"column":34}},"18":{"start":{"line":30,"column":4},"end":{"line":30,"column":33}},"19":{"start":{"line":31,"column":4},"end":{"line":31,"column":31}},"20":{"start":{"line":33,"column":4},"end":{"line":37,"column":7}},"21":{"start":{"line":34,"column":6},"end":{"line":36,"column":8}},"22":{"start":{"line":35,"column":8},"end":{"line":35,"column":42}},"23":{"start":{"line":39,"column":4},"end":{"line":43,"column":7}},"24":{"start":{"line":40,"column":6},"end":{"line":42,"column":8}},"25":{"start":{"line":41,"column":8},"end":{"line":41,"column":43}},"26":{"start":{"line":45,"column":4},"end":{"line":49,"column":7}},"27":{"start":{"line":46,"column":6},"end":{"line":48,"column":8}},"28":{"start":{"line":47,"column":8},"end":{"line":47,"column":42}}},"branchMap":{}}}